# JRE version: OpenJDK Runtime Environment Corretto-11.0.18.10.1 (11.0.18+10) (build 11.0.18+10-LTS)
# Java VM: OpenJDK 64-Bit Server VM Corretto-11.0.18.10.1 (11.0.18+10-LTS, mixed mode, tiered, compressed oops, g1 gc, windows-amd64)
Heap:
 garbage-first heap   total 260096K, used 138488K [0x0000000702e00000, 0x0000000800000000)
  region size 1024K, 89 young (91136K), 3 survivors (3072K)
 Metaspace       used 31523K, capacity 32911K, committed 33072K, reserved 1077248K
  class space    used 3856K, capacity 4405K, committed 4480K, reserved 1048576K
GC Heap History (10 events):
Event: 0.770 GC heap before
{Heap before GC invocations=0 (full 0):
 garbage-first heap   total 260096K, used 23552K [0x0000000702e00000, 0x0000000800000000)
  region size 1024K, 24 young (24576K), 0 survivors (0K)
 Metaspace       used 12079K, capacity 12493K, committed 12672K, reserved 1060864K
  class space    used 1250K, capacity 1405K, committed 1408K, reserved 1048576K
}
Event: 0.773 GC heap after
{Heap after GC invocations=1 (full 0):
 garbage-first heap   total 260096K, used 3160K [0x0000000702e00000, 0x0000000800000000)
  region size 1024K, 3 young (3072K), 3 survivors (3072K)
 Metaspace       used 12079K, capacity 12493K, committed 12672K, reserved 1060864K
  class space    used 1250K, capacity 1405K, committed 1408K, reserved 1048576K
}
Event: 1.624 GC heap before
{Heap before GC invocations=1 (full 0):
 garbage-first heap   total 260096K, used 29784K [0x0000000702e00000, 0x0000000800000000)
  region size 1024K, 30 young (30720K), 3 survivors (3072K)
 Metaspace       used 20585K, capacity 21174K, committed 21296K, reserved 1069056K
  class space    used 2380K, capacity 2636K, committed 2688K, reserved 1048576K
}
Event: 1.637 GC heap after
{Heap after GC invocations=2 (full 0):
 garbage-first heap   total 260096K, used 8222K [0x0000000702e00000, 0x0000000800000000)
  region size 1024K, 8 young (8192K), 8 survivors (8192K)
 Metaspace       used 20585K, capacity 21174K, committed 21296K, reserved 1069056K
  class space    used 2380K, capacity 2636K, committed 2688K, reserved 1048576K
}
Event: 130.858 GC heap before
{Heap before GC invocations=3 (full 0):
 garbage-first heap   total 260096K, used 54302K [0x0000000702e00000, 0x0000000800000000)
  region size 1024K, 50 young (51200K), 8 survivors (8192K)
 Metaspace       used 29099K, capacity 30349K, committed 30640K, reserved 1075200K
  class space    used 3693K, capacity 4230K, committed 4352K, reserved 1048576K
}
Event: 130.871 GC heap after
{Heap after GC invocations=4 (full 0):
 garbage-first heap   total 260096K, used 16298K [0x0000000702e00000, 0x0000000800000000)
  region size 1024K, 7 young (7168K), 7 survivors (7168K)
 Metaspace       used 29099K, capacity 30349K, committed 30640K, reserved 1075200K
  class space    used 3693K, capacity 4230K, committed 4352K, reserved 1048576K
}
Event: 158.152 GC heap before
{Heap before GC invocations=4 (full 0):
 garbage-first heap   total 260096K, used 78762K [0x0000000702e00000, 0x0000000800000000)
  region size 1024K, 68 young (69632K), 7 survivors (7168K)
 Metaspace       used 30215K, capacity 31483K, committed 31664K, reserved 1077248K
  class space    used 3721K, capacity 4263K, committed 4352K, reserved 1048576K
}
Event: 158.158 GC heap after
{Heap after GC invocations=5 (full 0):
 garbage-first heap   total 260096K, used 18476K [0x0000000702e00000, 0x0000000800000000)
  region size 1024K, 3 young (3072K), 3 survivors (3072K)
 Metaspace       used 30215K, capacity 31483K, committed 31664K, reserved 1077248K
  class space    used 3721K, capacity 4263K, committed 4352K, reserved 1048576K
}
Event: 180.211 GC heap before
{Heap before GC invocations=5 (full 0):
 garbage-first heap   total 260096K, used 146476K [0x0000000702e00000, 0x0000000800000000)
  region size 1024K, 129 young (132096K), 3 survivors (3072K)
 Metaspace       used 30438K, capacity 31740K, committed 31920K, reserved 1077248K
  class space    used 3721K, capacity 4263K, committed 4352K, reserved 1048576K
}
Event: 180.214 GC heap after
{Heap after GC invocations=6 (full 0):
 garbage-first heap   total 260096K, used 18680K [0x0000000702e00000, 0x0000000800000000)
  region size 1024K, 3 young (3072K), 3 survivors (3072K)
 Metaspace       used 30438K, capacity 31740K, committed 31920K, reserved 1077248K
  class space    used 3721K, capacity 4263K, committed 4352K, reserved 1048576K
}

